[2022-09-26 23:53:54] [TIME]\Groups\chatsystem\group_chat.lua:37: [LiveTokill] Dog'Mal'LTK: ykkk
[2022-09-26 23:53:55] [TIME]\Groups\chatsystem\group_chat.lua:37: [LiveTokill] Dog'Mal'LTK: kk
[2022-09-26 23:53:56] [TIME]\Groups\chatsystem\group_chat.lua:37: [LiveTokill] Dog'Mal'LTK: kkk
[2022-09-26 23:54:02] [TIME]\Groups\chatsystem\group_chat.lua:37: [LiveTokill] Dog'Mal'LTK: kkk  [DUP x3]
[2022-09-26 23:54:02] [TIME]\Groups\chatsystem\group_chat.lua:37: [LiveTokill] Dog'Mal'LTK: kk
[2022-09-26 23:54:06] [TIME]\Groups\chatsystem\group_chat.lua:37: [LiveTokill] Dog'Mal'LTK: kkk
[2022-09-26 23:54:10] [TIME]\Groups\chatsystem\group_chat.lua:37: [LiveTokill] Dog'Mal'LTK: kkk
[2022-09-26 23:54:10] [TIME]\Groups\chatsystem\group_chat.lua:37: [LiveTokill] Dog'Mal'LTK: ykkk
[2022-09-26 23:54:12] [TIME]\Groups\chatsystem\group_chat.lua:37: [LiveTokill] Dog'Mal'LTK: kkkkkkk
[2022-09-26 23:54:17] [TIME]\Groups\chatsystem\group_chat.lua:37: [LiveTokill] Dog'Mal'LTK: kkkkkkk  [DUP x2]
[2022-09-26 23:54:17] [TIME]\Groups\chatsystem\group_chat.lua:37: [LiveTokill] Dog'Mal'LTK: kkkkkkkkkkk
[2022-09-26 23:54:18] [TIME]\Groups\chatsystem\group_chat.lua:37: [LiveTokill] Dog'Mal'LTK: kkkkkkkkk
[2022-09-26 23:54:25] [TIME]\Groups\chatsystem\group_chat.lua:37: [LiveTokill] Dog'Mal'LTK: sss
[2022-09-26 23:54:31] [TIME]\Groups\chatsystem\group_chat.lua:37: [LiveTokill] Dog'Mal'LTK: sss
[2022-09-26 23:54:53] [TIME]\Groups\chatsystem\group_chat.lua:37: [LiveTokill] Dog'Mal'LTK: lll
[2022-09-26 23:54:59] [TIME]\Groups\chatsystem\group_chat.lua:37: [LiveTokill] Dog'Mal'LTK: lll
[2022-09-26 23:55:01] [TIME]\Groups\chatsystem\group_chat.lua:37: [LiveTokill] Dog'Mal'LTK: lll
[2022-09-26 23:56:13] [TIME]\Groups\chatsystem\group_chat.lua:37: [LiveTokill] Dog'Mal'LTK: s
[2022-09-26 23:56:18] [TIME]\Groups\chatsystem\group_chat.lua:37: [LiveTokill] Dog'Mal'LTK: u
[2022-09-26 23:57:13] [TIME]\Groups\chatsystem\group_chat.lua:37: [LiveTokill] Dog'Mal'LTK: kkk
[2022-09-26 23:57:14] [TIME]\Groups\chatsystem\group_chat.lua:37: [LiveTokill] Hyper~Rougue*L: aa
[2022-10-02 03:42:04] 'FREEROAM' resource is currently running.  The resource has been shut off as a precaution!
[2022-10-02 03:59:31] 'FREEROAM' resource is currently running.  The resource has been shut off as a precaution!
[2022-10-02 04:02:58] 'FREEROAM' resource is currently running.  The resource has been shut off as a precaution!
